[2025-06-30 09:05:49] SYSTEM ERROR: 0 : Call to undefined method Automattic\WooCommerce\Admin\Overrides\Order::get_time()
/sites/clientportal.valet.io/files/wp-content/plugins/yaymail/src/Functions.php(334)
#0 /sites/clientportal.valet.io/files/wp-content/plugins/yaymail/src/YayMailTemplate.php(248): yaymail_get_logger()
#1 /sites/clientportal.valet.io/files/wp-content/plugins/yaymail/src/Ajax.php(157): YayMail\YayMailTemplate->get_content()
#2 /sites/clientportal.valet.io/files/wp-includes/class-wp-hook.php(324): YayMail\Ajax->send_test_mail()
#3 /sites/clientportal.valet.io/files/wp-includes/class-wp-hook.php(348): WP_Hook->apply_filters()
#4 /sites/clientportal.valet.io/files/wp-includes/plugin.php(517): WP_Hook->do_action()
#5 /sites/clientportal.valet.io/files/wp-admin/admin-ajax.php(192): do_action()
#6 {main}
[2025-06-30 09:06:10] SYSTEM ERROR: 0 : Call to undefined method Automattic\WooCommerce\Admin\Overrides\Order::get_time()
/sites/clientportal.valet.io/files/wp-content/plugins/yaymail/src/Functions.php(334)
#0 /sites/clientportal.valet.io/files/wp-content/plugins/yaymail/src/YayMailTemplate.php(248): yaymail_get_logger()
#1 /sites/clientportal.valet.io/files/wp-content/plugins/yaymail/src/Ajax.php(222): YayMail\YayMailTemplate->get_content()
#2 /sites/clientportal.valet.io/files/wp-includes/class-wp-hook.php(324): YayMail\Ajax->preview_mail()
#3 /sites/clientportal.valet.io/files/wp-includes/class-wp-hook.php(348): WP_Hook->apply_filters()
#4 /sites/clientportal.valet.io/files/wp-includes/plugin.php(517): WP_Hook->do_action()
#5 /sites/clientportal.valet.io/files/wp-admin/admin-ajax.php(192): do_action()
#6 {main}
[2025-06-30 09:23:30] SYSTEM ERROR: 0 : Call to undefined method Automattic\WooCommerce\Admin\Overrides\Order::get_time()
/sites/clientportal.valet.io/files/wp-content/plugins/yaymail/src/Functions.php(334)
#0 /sites/clientportal.valet.io/files/wp-content/plugins/yaymail/src/YayMailTemplate.php(248): yaymail_get_logger()
#1 /sites/clientportal.valet.io/files/wp-content/plugins/yaymail/src/Ajax.php(222): YayMail\YayMailTemplate->get_content()
#2 /sites/clientportal.valet.io/files/wp-includes/class-wp-hook.php(324): YayMail\Ajax->preview_mail()
#3 /sites/clientportal.valet.io/files/wp-includes/class-wp-hook.php(348): WP_Hook->apply_filters()
#4 /sites/clientportal.valet.io/files/wp-includes/plugin.php(517): WP_Hook->do_action()
#5 /sites/clientportal.valet.io/files/wp-admin/admin-ajax.php(192): do_action()
#6 {main}
[2025-06-30 09:50:58] SYSTEM ERROR: 0 : Call to undefined method Automattic\WooCommerce\Admin\Overrides\Order::get_time()
/sites/clientportal.valet.io/files/wp-content/plugins/yaymail/src/Functions.php(334)
#0 /sites/clientportal.valet.io/files/wp-content/plugins/yaymail/src/YayMailTemplate.php(248): yaymail_get_logger()
#1 /sites/clientportal.valet.io/files/wp-content/plugins/yaymail/src/Ajax.php(157): YayMail\YayMailTemplate->get_content()
#2 /sites/clientportal.valet.io/files/wp-includes/class-wp-hook.php(324): YayMail\Ajax->send_test_mail()
#3 /sites/clientportal.valet.io/files/wp-includes/class-wp-hook.php(348): WP_Hook->apply_filters()
#4 /sites/clientportal.valet.io/files/wp-includes/plugin.php(517): WP_Hook->do_action()
#5 /sites/clientportal.valet.io/files/wp-admin/admin-ajax.php(192): do_action()
#6 {main}
